<?xml version="1.0" encoding="UTF-8"?>
<testng-results ignored="0" total="1" passed="1" failed="0" skipped="0">
  <reporter-output>
  </reporter-output>
  <suite started-at="2026-01-20T19:40:04 GMT" name="Default suite" finished-at="2026-01-20T19:42:21 GMT" duration-ms="136859">
    <groups>
    </groups>
    <test started-at="2026-01-20T19:40:04 GMT" name="Default test" finished-at="2026-01-20T19:42:21 GMT" duration-ms="136859">
      <class name="testpackage.TestClass">
        <test-method is-config="true" signature="setup(java.lang.String)[pri:0, instance:testpackage.TestClass@22ff4249]" started-at="2026-01-20T19:40:04 GMT" name="setup" finished-at="2026-01-20T19:40:15 GMT" duration-ms="10502" status="PASS">
          <params>
            <param index="0">
              <value>
                <![CDATA[chrome]]>
              </value>
            </param>
          </params>
          <reporter-output>
          </reporter-output>
        </test-method> <!-- setup -->
        <test-method signature="testQaJobs()[pri:0, instance:testpackage.TestClass@22ff4249]" started-at="2026-01-20T19:40:15 GMT" name="testQaJobs" finished-at="2026-01-20T19:42:20 GMT" duration-ms="125949" status="PASS">
          <reporter-output>
          </reporter-output>
        </test-method> <!-- testQaJobs -->
        <test-method is-config="true" signature="tearDown(org.testng.ITestResult)[pri:0, instance:testpackage.TestClass@22ff4249]" started-at="2026-01-20T19:42:21 GMT" name="tearDown" finished-at="2026-01-20T19:42:21 GMT" duration-ms="349" status="PASS">
          <params>
            <param index="0">
              <value>
                <![CDATA[[TestResult name=testQaJobs status=SUCCESS method=TestClass.testQaJobs()[pri:0, instance:testpackage.TestClass@22ff4249] output={null}]]]>
              </value>
            </param>
          </params>
          <reporter-output>
          </reporter-output>
        </test-method> <!-- tearDown -->
      </class> <!-- testpackage.TestClass -->
    </test> <!-- Default test -->
  </suite> <!-- Default suite -->
</testng-results>
